2020-07-31 03:51:46,016 [INFO] *********** Model Load Time Start ***************
2020-07-31 03:51:46,268 [INFO] Model_FaceDetection: 252.4 ms.
2020-07-31 03:51:46,941 [INFO] Model_FacialLandMarkDetection: 671.2 ms.
2020-07-31 03:51:47,267 [INFO] Model_HeadPoseEstimation: 325.3 ms.
2020-07-31 03:51:47,664 [INFO] Model_GazeEstimation: 394.8 ms.
2020-07-31 03:51:47,664 [INFO] *********** Model Load Time End ***************
2020-07-31 03:53:09,895 [INFO] *********** Model Inference Time Start ****************
2020-07-31 03:53:09,895 [INFO] Model_FaceDetection: 18.6 ms.
2020-07-31 03:53:09,896 [INFO] Model_FacialLandMarkDetection: 3.2 ms.
2020-07-31 03:53:09,897 [INFO] Model_HeadPoseEstimation: 1.8 ms.
2020-07-31 03:53:09,897 [INFO] Model_GazeEstimation: 1.5 ms.
2020-07-31 03:53:09,898 [INFO] *********** Model Inference Time End ***********
2020-07-31 03:53:09,898 [INFO] *********** Summary ****************
2020-07-31 03:53:09,898 [INFO] model_loading_total_time: 1.6478745937347412 s.
2020-07-31 03:53:09,899 [INFO] model_inference_total_time: 82.23121976852417 s.
2020-07-31 03:53:09,899 [INFO] FPS: 0.7177615571776156
2020-07-31 03:53:09,899 [INFO] *********** Summary End ***********
2020-07-31 03:53:36,526 [INFO] *********** Model Load Time Start ***************
2020-07-31 03:53:36,756 [INFO] Model_FaceDetection: 228.9 ms.
2020-07-31 03:53:36,904 [INFO] Model_FacialLandMarkDetection: 146.6 ms.
2020-07-31 03:53:37,041 [INFO] Model_HeadPoseEstimation: 137.6 ms.
2020-07-31 03:53:37,198 [INFO] Model_GazeEstimation: 156.6 ms.
2020-07-31 03:53:37,198 [INFO] *********** Model Load Time End ***************
2020-07-31 03:54:59,126 [INFO] *********** Model Inference Time Start ****************
2020-07-31 03:54:59,126 [INFO] Model_FaceDetection: 19.3 ms.
2020-07-31 03:54:59,127 [INFO] Model_FacialLandMarkDetection: 1.2 ms.
2020-07-31 03:54:59,128 [INFO] Model_HeadPoseEstimation: 1.9 ms.
2020-07-31 03:54:59,128 [INFO] Model_GazeEstimation: 1.7 ms.
2020-07-31 03:54:59,128 [INFO] *********** Model Inference Time End ***********
2020-07-31 03:54:59,129 [INFO] *********** Summary ****************
2020-07-31 03:54:59,129 [INFO] model_loading_total_time: 0.670651912689209 s.
2020-07-31 03:54:59,129 [INFO] model_inference_total_time: 81.92747926712036 s.
2020-07-31 03:54:59,129 [INFO] FPS: 0.7203907203907204
2020-07-31 03:54:59,130 [INFO] *********** Summary End ***********
2020-07-31 03:55:28,777 [INFO] *********** Model Load Time Start ***************
2020-07-31 03:55:28,995 [INFO] Model_FaceDetection: 218.2 ms.
2020-07-31 03:55:29,219 [INFO] Model_FacialLandMarkDetection: 223.9 ms.
2020-07-31 03:55:29,537 [INFO] Model_HeadPoseEstimation: 318.6 ms.
2020-07-31 03:55:29,869 [INFO] Model_GazeEstimation: 331.2 ms.
2020-07-31 03:55:29,869 [INFO] *********** Model Load Time End ***************
2020-07-31 03:56:51,485 [INFO] *********** Model Inference Time Start ****************
2020-07-31 03:56:51,486 [INFO] Model_FaceDetection: 19.7 ms.
2020-07-31 03:56:51,487 [INFO] Model_FacialLandMarkDetection: 1.2 ms.
2020-07-31 03:56:51,487 [INFO] Model_HeadPoseEstimation: 1.9 ms.
2020-07-31 03:56:51,487 [INFO] Model_GazeEstimation: 1.7 ms.
2020-07-31 03:56:51,487 [INFO] *********** Model Inference Time End ***********
2020-07-31 03:56:51,488 [INFO] *********** Summary ****************
2020-07-31 03:56:51,488 [INFO] model_loading_total_time: 1.0919969081878662 s.
2020-07-31 03:56:51,488 [INFO] model_inference_total_time: 81.61519622802734 s.
2020-07-31 03:56:51,488 [INFO] FPS: 0.7230392156862746
2020-07-31 03:56:51,489 [INFO] *********** Summary End ***********
